<?xml version="1.0" encoding="UTF-8"?>
<testng-results ignored="0" total="1" passed="1" failed="0" skipped="0">
  <reporter-output>
  </reporter-output>
  <suite started-at="2025-01-31T17:21:57 IST" name="Default suite" finished-at="2025-01-31T17:22:25 IST" duration-ms="27870">
    <groups>
    </groups>
    <test started-at="2025-01-31T17:21:57 IST" name="Default test" finished-at="2025-01-31T17:22:25 IST" duration-ms="27870">
      <class name="com.BT.Script.Login">
        <test-method is-config="true" signature="test()[pri:0, instance:com.BT.Script.Login@3590fc5b]" started-at="2025-01-31T17:21:57 IST" name="test" finished-at="2025-01-31T17:22:03 IST" duration-ms="5449" status="PASS">
          <reporter-output>
          </reporter-output>
        </test-method> <!-- test -->
        <test-method signature="Login()[pri:0, instance:com.BT.Script.Login@3590fc5b]" started-at="2025-01-31T17:22:03 IST" name="Login" finished-at="2025-01-31T17:22:25 IST" duration-ms="22402" status="PASS">
          <reporter-output>
          </reporter-output>
        </test-method> <!-- Login -->
      </class> <!-- com.BT.Script.Login -->
    </test> <!-- Default test -->
  </suite> <!-- Default suite -->
</testng-results>
